<?xml version="1.0" encoding="UTF-8"?>
<!-- Generated by org.testng.reporters.JUnitReportReporter -->
<testsuite hostname="DESKTOP-5VGUJVE" failures="0" tests="1" name="com.inetbanking.testscript.TC_addnewcustomer_02" time="48.136" errors="0" timestamp="2022-12-30T02:39:49 PST" skipped="0">
  <testcase classname="com.inetbanking.testscript.TC_addnewcustomer_02" name="addnewcustom" time="48.136"/>
  <system-out/>
</testsuite> <!-- com.inetbanking.testscript.TC_addnewcustomer_02 -->
